<?xml version='1.0' encoding='UTF-8'?>
<testsuite hostname="hoanghonn" name="TestSuite" tests="30" errors="0" failures="0" time="0.02">
                     <properties>
[...]
</properties>
                     <testcase classname="TestSuite" name="oddNumbers properly defined" time="0.012">
                                                 
                                               </testcase><testcase classname="TestSuite" name="method sumDouble makes right result with positive test" time="0.0">
                                                 
                                               </testcase><testcase classname="TestSuite" name="method sumDouble makes right result with negative test q" time="0.001">
                                                 
                                               </testcase><testcase classname="TestSuite" name="method removeZeroes does remove zero test 1" time="0.0">
                                                 
                                               </testcase><testcase classname="TestSuite" name="method removeZeroes does remove zero test 2" time="0.0">
                                                 
                                               </testcase><testcase classname="TestSuite" name="method countEvens have the right result" time="0.0">
                                                 
                                               </testcase><testcase classname="TestSuite" name="method remove the Alternating with even string in the list" time="0.0">
                                                 
                                               </testcase><testcase classname="TestSuite" name="method remove the Alternating with odd string in the list" time="0.0">
                                                 
                                               </testcase><testcase classname="TestSuite" name="method remove the Alternating with 1 string in the list" time="0.0">
                                                 
                                               </testcase><testcase classname="TestSuite" name="method isAscending is true with no repeated numbers" time="0.001">
                                                 
                                               </testcase><testcase classname="TestSuite" name="method isAscending is false with no repeated numbers" time="0.0">
                                                 
                                               </testcase><testcase classname="TestSuite" name="method isAscending is true with repeated numbers" time="0.001">
                                                 
                                               </testcase><testcase classname="TestSuite" name="method isAscending is false with repeated numbers" time="0.0">
                                                 
                                               </testcase><testcase classname="TestSuite" name="method isAscending is true with all same numbers" time="0.001">
                                                 
                                               </testcase><testcase classname="TestSuite" name="method addSub works with 2 elements" time="0.0">
                                                 
                                               </testcase><testcase classname="TestSuite" name="method addSub works with 3 elements" time="0.0">
                                                 
                                               </testcase><testcase classname="TestSuite" name="method addSub works with 4 elements" time="0.0">
                                                 
                                               </testcase><testcase classname="TestSuite" name="method alternate works with Lists of 2 elements" time="0.0">
                                                 
                                               </testcase><testcase classname="TestSuite" name="method alternate works with Lists of 1 element" time="0.0">
                                                 
                                               </testcase><testcase classname="TestSuite" name="method alternate works with Lists of n elements" time="0.0">
                                                 
                                               </testcase><testcase classname="TestSuite" name="method fromTo returns the correct result" time="0.001">
                                                 
                                               </testcase><testcase classname="TestSuite" name="method fromTo returns the correct result 2" time="0.0">
                                                 
                                               </testcase><testcase classname="TestSuite" name="method insertOrdered inputs the correct spot" time="0.0">
                                                 
                                               </testcase><testcase classname="TestSuite" name="method insertOrdered inputs the correct spot 2" time="0.001">
                                                 
                                               </testcase><testcase classname="TestSuite" name="method insertOrdered inputs the correct spot 3" time="0.0">
                                                 
                                               </testcase><testcase classname="TestSuite" name="method insertOrdered throws exception" time="0.001">
                                                 
                                               </testcase><testcase classname="TestSuite" name="method sort return sorted list" time="0.0">
                                                 
                                               </testcase><testcase classname="TestSuite" name="method sort return sorted list 2" time="0.0">
                                                 
                                               </testcase><testcase classname="TestSuite" name="method sort return sorted list 3" time="0.0">
                                                 
                                               </testcase><testcase classname="TestSuite" name="method sort return sorted list 4" time="0.001">
                                                 
                                               </testcase>
                     <system-out></system-out>
                     <system-err></system-err>
                   </testsuite>