<?xml version='1.0' encoding='UTF-8'?>
<testsuite hostname="hoanghonn" name="TestSuite" tests="39" errors="0" failures="0" time="16.731">
                     <properties>
[...]
</properties>
                     <testcase classname="TestSuite" name="1:" time="0.553">
                                                 
                                               </testcase><testcase classname="TestSuite" name="2:" time="0.147">
                                                 
                                               </testcase><testcase classname="TestSuite" name="3:" time="0.175">
                                                 
                                               </testcase><testcase classname="TestSuite" name="4:" time="0.19">
                                                 
                                               </testcase><testcase classname="TestSuite" name="5:" time="0.005">
                                                 
                                               </testcase><testcase classname="TestSuite" name="6:" time="0.007">
                                                 
                                               </testcase><testcase classname="TestSuite" name="7:" time="0.131">
                                                 
                                               </testcase><testcase classname="TestSuite" name="8:" time="0.134">
                                                 
                                               </testcase><testcase classname="TestSuite" name="9:" time="0.119">
                                                 
                                               </testcase><testcase classname="TestSuite" name="10:" time="0.006">
                                                 
                                               </testcase><testcase classname="TestSuite" name="11:" time="0.119">
                                                 
                                               </testcase><testcase classname="TestSuite" name="12:" time="0.005">
                                                 
                                               </testcase><testcase classname="TestSuite" name="13:" time="0.083">
                                                 
                                               </testcase><testcase classname="TestSuite" name="14:" time="0.063">
                                                 
                                               </testcase><testcase classname="TestSuite" name="15:" time="0.006">
                                                 
                                               </testcase><testcase classname="TestSuite" name="16:" time="0.008">
                                                 
                                               </testcase><testcase classname="TestSuite" name="17:" time="0.125">
                                                 
                                               </testcase><testcase classname="TestSuite" name="18:" time="0.007">
                                                 
                                               </testcase><testcase classname="TestSuite" name="19:" time="0.006">
                                                 
                                               </testcase><testcase classname="TestSuite" name="20:" time="0.15">
                                                 
                                               </testcase><testcase classname="TestSuite" name="21:" time="0.125">
                                                 
                                               </testcase><testcase classname="TestSuite" name="22:" time="0.124">
                                                 
                                               </testcase><testcase classname="TestSuite" name="23:" time="0.109">
                                                 
                                               </testcase><testcase classname="TestSuite" name="24:" time="0.164">
                                                 
                                               </testcase><testcase classname="TestSuite" name="25:" time="0.1">
                                                 
                                               </testcase><testcase classname="TestSuite" name="26:" time="0.131">
                                                 
                                               </testcase><testcase classname="TestSuite" name="27:" time="0.158">
                                                 
                                               </testcase><testcase classname="TestSuite" name="28:" time="0.313">
                                                 
                                               </testcase><testcase classname="TestSuite" name="29:" time="0.162">
                                                 
                                               </testcase><testcase classname="TestSuite" name="30:" time="0.007">
                                                 
                                               </testcase><testcase classname="TestSuite" name="31:" time="0.142">
                                                 
                                               </testcase><testcase classname="TestSuite" name="32:" time="0.007">
                                                 
                                               </testcase><testcase classname="TestSuite" name="33:" time="0.141">
                                                 
                                               </testcase><testcase classname="TestSuite" name="34:" time="0.007">
                                                 
                                               </testcase><testcase classname="TestSuite" name="35:" time="0.163">
                                                 
                                               </testcase><testcase classname="TestSuite" name="36:" time="0.007">
                                                 
                                               </testcase><testcase classname="TestSuite" name="37:" time="0.294">
                                                 
                                               </testcase><testcase classname="TestSuite" name="38:" time="0.135">
                                                 
                                               </testcase><testcase classname="TestSuite" name="39:" time="12.403">
                                                 
                                               </testcase>
                     <system-out></system-out>
                     <system-err></system-err>
                   </testsuite>